Arguments: 
  C:\Users\TakahiroOkada\scoop\apps\nvm\current\nodejs\nodejs\node.exe C:\Users\TakahiroOkada\scoop\apps\yarn\current\Yarn\bin\yarn.js install

PATH: 
  C:\GitRepo\BlogExamples\Web\React\component-variant-with-view-hook-pair\node_modules\.bin;C:\ProgramData\DockerDesktop\version-bin;C:\Program Files\Docker\Docker\Resources\bin;C:\Program Files (x86)\Common Files\Oracle\Java\javapath;C:\ProgramData\Oracle\Java\javapath;C:\WINDOWS\system32;C:\WINDOWS;C:\WINDOWS\System32\Wbem;C:\WINDOWS\System32\WindowsPowerShell\v1.0\;C:\ProgramData\chocolatey\bin;C:\Program Files\Java\jdk1.8.0_162\bin;C:\Program Files\PuTTY\;C:\WINDOWS\System32\OpenSSH\;C:\UserPrograms\Apache-Subversion-1.10.0\bin\;C:\Program Files (x86)\Windows Kits\8.1\Windows Performance Toolkit\;C:\Users\TakahiroOkada\AppData\Local\Programs\Python\Python37-32\;C:\Users\TakahiroOkada\AppData\Local\Programs\Python\Python37-32\Scripts;C:\Python36\;C:\Python36\Scripts\;C:\Python27\;C:\Python27\Scripts;C:\Program Files (x86)\Intel\Intel(R) Management Engine Components\DAL;C:\Program Files\Intel\Intel(R) Management Engine Components\DAL;C:\Program Files\Microsoft VS Code\bin;C:\Program Files\dotnet\;C:\Users\TakahiroOkada\scoop\apps\yarn\current\Yarn\bin;C:\Users\TakahiroOkada\scoop\apps\yarn\current\global\node_modules\.bin;C:\Users\TakahiroOkada\scoop\apps\nvm\current\nodejs\nodejs;C:\Users\TakahiroOkada\scoop\shims;C:\Users\TakahiroOkada\.cargo\bin;C:\Users\TakahiroOkada\AppData\Local\Microsoft\WindowsApps;C:\Users\TakahiroOkada\AppData\Roaming\npm;C:\Users\TakahiroOkada\AppData\Local\hyper\app-2.0.0\resources\bin;%USERPROFILE%\AppData\Local\Microsoft\WindowsApps

Yarn version: 
  1.22.4

Node version: 
  14.15.4

Platform: 
  win32 x64

Trace: 
  SyntaxError: C:\GitRepo\BlogExamples\Web\React\component-variant-with-view-hook-pair\package.json: Unexpected token } in JSON at position 503
      at JSON.parse (<anonymous>)
      at C:\Users\TakahiroOkada\scoop\apps\yarn\1.22.4\Yarn\lib\cli.js:1625:59
      at Generator.next (<anonymous>)
      at step (C:\Users\TakahiroOkada\scoop\apps\yarn\1.22.4\Yarn\lib\cli.js:310:30)
      at C:\Users\TakahiroOkada\scoop\apps\yarn\1.22.4\Yarn\lib\cli.js:321:13

npm manifest: 
  {
    "name": "component-variant-with-view-hook-pair",
    "version": "0.1.0",
    "author": "MasuqaT",
    "license": "MIT",
    "private": true,
    "scripts": {
      "dev": "vite",
      "build": "tsc && vite build",
      "serve": "vite preview"
    },
    "dependencies": {
      "react": "^17.0.0",
      "react-dom": "^17.0.0"
    },
    "devDependencies": {
      "@types/react": "^17.0.0",
      "@types/react-dom": "^17.0.0",
      "@vitejs/plugin-react-refresh": "^1.3.1",
      "typescript": "^4.3.2",
      "vite": "^2.4.4"
    },
  }

yarn manifest: 
  No manifest

Lockfile: 
  No lockfile
